TN:
SF:src/aplicacion/nota.ts
FN:12,(anonymous_0)
FN:18,(anonymous_1)
FN:26,(anonymous_2)
FN:34,(anonymous_3)
FN:42,(anonymous_4)
FN:51,(anonymous_5)
FN:59,(anonymous_6)
FN:67,(anonymous_7)
FNF:8
FNH:5
FNDA:2,(anonymous_0)
FNDA:1,(anonymous_1)
FNDA:0,(anonymous_2)
FNDA:1,(anonymous_3)
FNDA:0,(anonymous_4)
FNDA:1,(anonymous_5)
FNDA:0,(anonymous_6)
FNDA:2,(anonymous_7)
DA:5,1
DA:12,2
DA:19,1
DA:27,0
DA:35,1
DA:43,0
DA:52,1
DA:60,0
DA:68,2
LF:9
LH:6
BRF:0
BRH:0
end_of_record
TN:
SF:src/aplicacion/usuario.ts
FN:15,(anonymous_0)
FN:25,(anonymous_1)
FN:36,(anonymous_2)
FN:42,(anonymous_3)
FN:55,(anonymous_4)
FN:76,(anonymous_5)
FN:87,(anonymous_6)
FN:91,(anonymous_7)
FN:103,(anonymous_8)
FN:117,(anonymous_9)
FN:129,(anonymous_10)
FN:132,(anonymous_11)
FN:145,(anonymous_12)
FN:156,(anonymous_13)
FNF:14
FNH:13
FNDA:1,(anonymous_0)
FNDA:3,(anonymous_1)
FNDA:2,(anonymous_2)
FNDA:1,(anonymous_3)
FNDA:1,(anonymous_4)
FNDA:0,(anonymous_5)
FNDA:1,(anonymous_6)
FNDA:1,(anonymous_7)
FNDA:2,(anonymous_8)
FNDA:6,(anonymous_9)
FNDA:1,(anonymous_10)
FNDA:4,(anonymous_11)
FNDA:1,(anonymous_12)
FNDA:6,(anonymous_13)
DA:1,1
DA:2,1
DA:3,1
DA:10,1
DA:15,1
DA:16,1
DA:17,0
DA:26,3
DA:37,2
DA:38,1
DA:40,1
DA:41,1
DA:42,1
DA:43,1
DA:56,1
DA:57,1
DA:59,0
DA:60,0
DA:61,0
DA:63,0
DA:64,0
DA:65,0
DA:68,0
DA:69,0
DA:72,0
DA:73,0
DA:76,0
DA:77,0
DA:88,1
DA:89,0
DA:91,1
DA:92,1
DA:104,2
DA:105,2
DA:107,0
DA:118,6
DA:119,4
DA:121,2
DA:130,1
DA:132,1
DA:133,4
DA:134,4
DA:135,4
DA:136,4
DA:146,1
DA:147,0
DA:149,1
DA:150,1
DA:151,1
DA:152,1
DA:157,6
DA:159,6
DA:161,4
DA:162,4
DA:164,1
DA:165,1
DA:167,0
DA:168,0
DA:170,1
DA:171,1
DA:173,0
DA:176,6
LF:62
LH:43
BRDA:16,0,0,0
BRDA:16,0,1,1
BRDA:37,1,0,1
BRDA:37,1,1,1
BRDA:56,2,0,1
BRDA:56,2,1,0
BRDA:63,3,0,0
BRDA:63,3,1,0
BRDA:68,4,0,0
BRDA:68,4,1,0
BRDA:72,5,0,0
BRDA:72,5,1,0
BRDA:88,6,0,0
BRDA:88,6,1,1
BRDA:104,7,0,2
BRDA:104,7,1,0
BRDA:118,8,0,4
BRDA:118,8,1,2
BRDA:146,9,0,0
BRDA:146,9,1,1
BRDA:160,10,0,4
BRDA:160,10,1,1
BRDA:160,10,2,0
BRDA:160,10,3,1
BRDA:160,10,4,0
BRF:25
BRH:12
end_of_record
